<?xml version="1.0" encoding="UTF-8"?>
<testng-results ignored="0" total="1" passed="1" failed="0" skipped="0">
  <reporter-output>
  </reporter-output>
  <suite started-at="2025-10-08T10:10:45 PKT" name="Default suite" finished-at="2025-10-08T10:10:52 PKT" duration-ms="7224">
    <groups>
    </groups>
    <test started-at="2025-10-08T10:10:45 PKT" name="Default test" finished-at="2025-10-08T10:10:52 PKT" duration-ms="7224">
      <class name="test.login">
        <test-method is-config="true" signature="setUp()[pri:0, instance:test.login@6302bbb1]" started-at="2025-10-08T10:10:45 PKT" name="setUp" finished-at="2025-10-08T10:10:48 PKT" duration-ms="2893" status="PASS">
          <reporter-output>
          </reporter-output>
        </test-method> <!-- setUp -->
        <test-method signature="verifyITUserLogin()[pri:0, instance:test.login@6302bbb1]" started-at="2025-10-08T10:10:48 PKT" name="verifyITUserLogin" description="Verify that user is able to login as IT user" finished-at="2025-10-08T10:10:52 PKT" duration-ms="4254" status="PASS">
          <reporter-output>
          </reporter-output>
        </test-method> <!-- verifyITUserLogin -->
      </class> <!-- test.login -->
    </test> <!-- Default test -->
  </suite> <!-- Default suite -->
</testng-results>
